[26.887655258] 2019-10-13 02:11:35,044 - INFO - launcher: Starting sanity checks
[27.884721756] 2019-10-13 02:11:35,045 - INFO - launcher: Checking for Python 3.5+
[27.884721756] 2019-10-13 02:11:35,045 - INFO - launcher: Checking console encoding
[27.884721756] 2019-10-13 02:11:35,045 - INFO - launcher: Setting console encoding to UTF-8
[27.884721756] 2019-10-13 02:11:35,045 - INFO - launcher: Ensuring we're in the right environment
[28.882980347] 2019-10-13 02:11:35,046 - INFO - launcher: Adding local bins/ folder to path
[728.410959244] 2019-10-13 02:11:35,746 - INFO - launcher: Required checks passed.
[729.408740997] 2019-10-13 02:11:35,747 - INFO - launcher: Optional checks passed.
[729.408740997] 2019-10-13 02:11:35,747 - INFO - launcher: Moving old musicbot log

######################### PRE-RUN SANITY CHECKS PASSED #########################

[1.5135524272918701] 2019-10-13 02:11:36,531 - WARNING - musicbot.config | In config.py::MainThread(2088), line 121 in run_checks: i18n file does not exist. Trying to fallback to config/i18n/en.json.
[1.5135524272918701] 2019-10-13 02:11:36,531 - INFO - musicbot.config | In config.py::MainThread(2088), line 132 in run_checks: Using i18n: config/i18n/en.json
[1.5205070972442627] 2019-10-13 02:11:36,538 - DEBUG - musicbot.bot | In bot.py::MainThread(2088), line 225 in _setup_logging: Set logging level to INFO
[1.5274889469146729] 2019-10-13 02:11:36,545 - DEBUG - musicbot.json | In json.py::MainThread(2088), line 8 in __init__: Init JSON obj with config/i18n/en.json
[1.5803730487823486] 2019-10-13 02:11:36,598 - INFO - musicbot.bot | In bot.py::MainThread(2088), line 90 in __init__: Starting MusicBot release-260819
[1.5813701152801514] 2019-10-13 02:11:36,599 - INFO - musicbot.bot | In bot.py::MainThread(2088), line 96 in __init__: Loaded autoplaylist with 2531 entries
[4.5521161556243896] 2019-10-13 02:11:39,569 - DEBUG - musicbot.bot | In bot.py::MainThread(2088), line 951 in on_ready: Connection established, ready to go.
[4.5521161556243896] 2019-10-13 02:11:39,569 - DEBUG - musicbot.bot | In bot.py::MainThread(2088), line 342 in _cache_app_info: Caching app info
[4.7451188564300537] 2019-10-13 02:11:39,762 - DEBUG - musicbot.bot | In bot.py::MainThread(2088), line 773 in _scheck_ensure_env: Ensuring data folders exist
[4.7461159229278564] 2019-10-13 02:11:39,763 - DEBUG - musicbot.bot | In bot.py::MainThread(2088), line 789 in _scheck_server_permissions: Checking server permissions
[4.7471129894256592] 2019-10-13 02:11:39,764 - DEBUG - musicbot.bot | In bot.py::MainThread(2088), line 793 in _scheck_autoplaylist: Auditing autoplaylist
[4.7471129894256592] 2019-10-13 02:11:39,764 - DEBUG - musicbot.bot | In bot.py::MainThread(2088), line 797 in _scheck_configs: Validating config
[4.7471129894256592] 2019-10-13 02:11:39,764 - DEBUG - musicbot.config | In config.py::MainThread(2088), line 236 in async_validate: Validating options...
[4.7471129894256592] 2019-10-13 02:11:39,764 - DEBUG - musicbot.bot | In bot.py::MainThread(2088), line 800 in _scheck_configs: Validating permissions config
[4.7471129894256592] 2019-10-13 02:11:39,764 - DEBUG - musicbot.permissions | In permissions.py::MainThread(2088), line 94 in async_validate: Validating permissions...
[4.7471129894256592] 2019-10-13 02:11:39,764 - INFO - musicbot.bot | In bot.py::MainThread(2088), line 968 in on_ready: Connected: 632757225718284301/Loudred#0130
[4.7481217384338379] 2019-10-13 02:11:39,765 - INFO - musicbot.bot | In bot.py::MainThread(2088), line 976 in on_ready: Owner:     339216251677048832/maxiugu#7410

[4.7481217384338379] 2019-10-13 02:11:39,765 - INFO - musicbot.bot | In bot.py::MainThread(2088), line 979 in on_ready: Guild List:
[4.7491078376770020] 2019-10-13 02:11:39,766 - INFO - musicbot.bot | In bot.py::MainThread(2088), line 983 in on_ready:  - QUE PASA XD
[4.7501056194305420] 2019-10-13 02:11:39,767 - INFO - musicbot.bot | In bot.py::MainThread(2088), line 983 in on_ready:  - KLG A LA B
[4.7501056194305420] 2019-10-13 02:11:39,767 - INFO - musicbot.bot | In bot.py::MainThread(2088), line 1039 in on_ready: Not bound to any text channels
[4.7511026859283447] 2019-10-13 02:11:39,768 - INFO - musicbot.bot | In bot.py::MainThread(2088), line 1065 in on_ready: Not autojoining any voice channels
